
Showing logs for build [32mvpsgetcom-jx-dotnet-master-9tkkg-1[0m stage [32mfrom-build-pack[0m and container [32mstep-credential-initializer-kvqdx[0m
{"level":"warn","ts":1585680205.5408044,"logger":"fallback-logger","caller":"logging/config.go:69","msg":"Fetch GitHub commit ID from kodata failed: \"ref: refs/heads/0.8.0-**-support-backwards-incompats\" is not a valid GitHub commit ID"}
{"level":"info","ts":1585680205.5411003,"logger":"fallback-logger","caller":"creds-init/main.go:40","msg":"Credentials initialized."}

Showing logs for build [32mvpsgetcom-jx-dotnet-master-9tkkg-1[0m stage [32mfrom-build-pack[0m and container [32mstep-working-dir-initializer-m4j98[0m
{"level":"warn","ts":1585680206.5253274,"logger":"fallback-logger","caller":"logging/config.go:69","msg":"Fetch GitHub commit ID from kodata failed: open /var/run/ko/HEAD: no such file or directory"}
{"level":"info","ts":1585680206.528195,"logger":"fallback-logger","caller":"bash/main.go:64","msg":"Successfully executed command \"sh -c mkdir -p /workspace/source\"; output "}

Showing logs for build [32mvpsgetcom-jx-dotnet-master-9tkkg-1[0m stage [32mfrom-build-pack[0m and container [32mstep-place-tools[0m

Showing logs for build [32mvpsgetcom-jx-dotnet-master-9tkkg-1[0m stage [32mfrom-build-pack[0m and container [32mstep-git-source-vpsgetcom-jx-dotnet-master-9tkkg-scm65[0m
{"level":"warn","ts":1585680211.5807197,"logger":"fallback-logger","caller":"logging/config.go:69","msg":"Fetch GitHub commit ID from kodata failed: \"ref: refs/heads/0.8.0-**-support-backwards-incompats\" is not a valid GitHub commit ID"}
{"level":"info","ts":1585680212.086852,"logger":"fallback-logger","caller":"git/git.go:103","msg":"Successfully cloned https://github.com/******com/**-dotnet.git @ v0.0.1 in path /workspace/source"}

Showing logs for build [32mvpsgetcom-jx-dotnet-master-9tkkg-1[0m stage [32mfrom-build-pack[0m and container [32mstep-git-merge[0m
Using SHAs from PULL_REFS=master:7ceaa31b4e63f9b139ac23ce41caaec70875f144
WARNING: no SHAs to merge, falling back to initial cloned commit

Showing logs for build [32mvpsgetcom-jx-dotnet-master-9tkkg-1[0m stage [32mfrom-build-pack[0m and container [32mstep-setup-jx-git-credentials[0m
Generated Git credentials file /workspace/xdg_config/git/credentials

Showing logs for build [32mvpsgetcom-jx-dotnet-master-9tkkg-1[0m stage [32mfrom-build-pack[0m and container [32mstep-build-container-build[0m
[36mINFO[0m[0000] Downloading base image microsoft/aspnetcore-build:2.0 
[36mINFO[0m[0001] Error while retrieving image from cache: getting file info: stat /workspace/sha256:296a8da8c2b8eca576b54216ddddace273b0d96792e5cecf02f4fb242206accd: no such file or directory 
[36mINFO[0m[0001] Downloading base image microsoft/aspnetcore-build:2.0 
[36mINFO[0m[0001] Executing 0 build triggers                   
[36mINFO[0m[0001] Using files from context: [/workspace/source/aspnetapp.csproj] 
[36mINFO[0m[0001] Checking for cached layer 660914637642.dkr.ecr.us-west-2.amazonaws.com/todo/cache:f1f04048124d53ca1b50c7144568b37f68d1073917c01fa1c37c764e5e928337... 
[36mINFO[0m[0002] No cached layer found for cmd RUN dotnet restore 
[36mINFO[0m[0002] Unpacking rootfs as cmd RUN dotnet restore requires it. 
[36mINFO[0m[0081] Taking snapshot of full filesystem...        
[36mINFO[0m[0108] WORKDIR /app                                 
[36mINFO[0m[0108] cmd: workdir                                 
[36mINFO[0m[0108] Changed working directory to /app            
[36mINFO[0m[0108] Creating directory /app                      
[36mINFO[0m[0108] Taking snapshot of files...                  
[36mINFO[0m[0108] Using files from context: [/workspace/source/aspnetapp.csproj] 
[36mINFO[0m[0108] COPY *.csproj ./                             
[36mINFO[0m[0108] Taking snapshot of files...                  
[36mINFO[0m[0108] RUN dotnet restore                           
[36mINFO[0m[0108] cmd: /bin/sh                                 
[36mINFO[0m[0108] args: [-c dotnet restore]                    
  Restoring packages for /app/aspnetapp.csproj...
  Restoring packages for /app/aspnetapp.csproj...
  Installing Microsoft.Extensions.FileSystemGlobbing 2.0.0.
  Installing Microsoft.Extensions.FileProviders.Abstractions 2.0.0.
  Installing Microsoft.VisualStudio.Web.CodeGeneration.Tools 2.0.0.
  Installing Microsoft.VisualStudio.Web.CodeGeneration.Contracts 2.0.0.
  Installing Microsoft.Extensions.FileProviders.Physical 2.0.0.
  Restore completed in 10.19 sec for /app/aspnetapp.csproj.
  Installing Microsoft.DotNet.PlatformAbstractions 2.0.0.
  Installing System.Data.SqlClient 4.4.0.
  Installing Microsoft.Extensions.DependencyModel 2.0.0.
  Installing System.Security.Cryptography.Xml 4.4.0.
  Installing Microsoft.EntityFrameworkCore.SqlServer 2.0.0.
  Installing Microsoft.Extensions.Caching.SqlServer 2.0.0.
  Installing Microsoft.AspNetCore.Mvc.Core 2.0.0.
  Installing Microsoft.EntityFrameworkCore 2.0.0.
  Installing Microsoft.AspNetCore.DataProtection 2.0.0.
  Installing Microsoft.Extensions.Configuration.Xml 2.0.0.
  Installing Microsoft.EntityFrameworkCore.Relational 2.0.0.
  Installing Microsoft.AspNetCore.Razor.Language 2.0.0.
  Installing Microsoft.EntityFrameworkCore.Design 2.0.0.
  Installing Microsoft.EntityFrameworkCore.Tools 2.0.0.
  Installing Microsoft.AspNetCore.Mvc.ViewFeatures 2.0.0.
  Installing Microsoft.AspNetCore.Mvc.Razor.ViewCompilation 2.0.0.
  Installing Microsoft.AspNetCore.All 2.0.0.
  Installing Microsoft.AspNetCore 2.0.0.
  Installing Microsoft.Extensions.Configuration.EnvironmentVariables 2.0.0.
  Installing Microsoft.Extensions.Configuration.CommandLine 2.0.0.
  Installing Microsoft.Extensions.Logging.Console 2.0.0.
  Installing Microsoft.Extensions.Logging.Debug 2.0.0.
  Installing Microsoft.AspNetCore.Authentication.MicrosoftAccount 2.0.0.
  Installing Microsoft.AspNetCore.Authorization.Policy 2.0.0.
  Installing Microsoft.AspNetCore.Server.Kestrel 2.0.0.
  Installing Microsoft.AspNetCore.AzureAppServicesIntegration 2.0.0.
  Installing Microsoft.AspNetCore.CookiePolicy 2.0.0.
  Installing Microsoft.Extensions.Logging 2.0.0.
  Installing Microsoft.AspNetCore.Hosting.Abstractions 2.0.0.
  Installing Microsoft.AspNetCore.Html.Abstractions 2.0.0.
  Installing Microsoft.AspNetCore.Authentication.Facebook 2.0.0.
  Installing Microsoft.AspNetCore.DataProtection.Abstractions 2.0.0.
  Installing Microsoft.Extensions.Configuration.UserSecrets 2.0.0.
  Installing Microsoft.AspNetCore.Server.Kestrel.Https 2.0.0.
  Installing Microsoft.Extensions.Configuration.FileExtensions 2.0.0.
  Installing Microsoft.AspNetCore.Authentication.Core 2.0.0.
  Installing Microsoft.AspNetCore.Server.IISIntegration 2.0.0.
  Installing Microsoft.Extensions.Configuration.Json 2.0.0.
  Installing Microsoft.AspNetCore.Cors 2.0.0.
  Installing Microsoft.AspNetCore.DataProtection.Extensions 2.0.0.
  Installing Microsoft.AspNetCore.Cryptography.KeyDerivation 2.0.0.
  Installing Microsoft.AspNetCore.Authentication.Abstractions 2.0.0.
  Installing Microsoft.Extensions.Logging.Configuration 2.0.0.
  Installing Microsoft.AspNetCore.DataProtection.AzureStorage 2.0.0.
  Installing Microsoft.AspNetCore.HttpOverrides 2.0.0.
  Installing Microsoft.AspNetCore.Mvc.Cors 2.0.0.
  Installing Microsoft.AspNetCore.Authentication.Cookies 2.0.0.
  Installing Microsoft.AspNetCore.Server.Kestrel.Core 2.0.0.
  Installing Microsoft.AspNetCore.Authentication 2.0.0.
  Installing Microsoft.AspNetCore.Localization.Routing 2.0.0.
  Installing Microsoft.AspNetCore.Antiforgery 2.0.0.
  Installing Microsoft.AspNetCore.Cryptography.Internal 2.0.0.
  Installing Microsoft.AspNetCore.Authentication.Google 2.0.0.
  Installing Microsoft.AspNetCore.Authentication.Twitter 2.0.0.
  Installing Microsoft.Extensions.Identity.Core 2.0.0.
  Installing Microsoft.AspNetCore.Http 2.0.0.
  Installing Microsoft.AspNetCore.AzureAppServices.HostingStartup 2.0.0.
  Installing Microsoft.AspNetCore.Authentication.OAuth 2.0.0.
  Installing Microsoft.AspNetCore.Mvc.Formatters.Json 2.0.0.
  Installing Microsoft.AspNetCore.MiddlewareAnalysis 2.0.0.
  Installing Microsoft.AspNetCore.Hosting.Server.Abstractions 2.0.0.
  Installing Microsoft.AspNetCore.Diagnostics.EntityFrameworkCore 2.0.0.
  Installing Microsoft.AspNetCore.Mvc.DataAnnotations 2.0.0.
  Installing Microsoft.AspNetCore.Http.Abstractions 2.0.0.
  Installing Microsoft.AspNetCore.Diagnostics.Abstractions 2.0.0.
  Installing Microsoft.AspNetCore.Authorization 2.0.0.
  Installing Microsoft.EntityFrameworkCore.Sqlite 2.0.0.
  Installing Microsoft.Data.Sqlite 2.0.0.
  Installing Microsoft.AspNetCore.Authentication.JwtBearer 2.0.0.
  Installing Microsoft.Extensions.Configuration.Abstractions 2.0.0.
  Installing Microsoft.Extensions.Caching.Redis 2.0.0.
  Installing Microsoft.AspNetCore.Razor 2.0.0.
  Installing Microsoft.AspNetCore.ResponseCaching.Abstractions 2.0.0.
  Installing Microsoft.Extensions.FileProviders.Embedded 2.0.0.
  Installing Microsoft.Extensions.Hosting.Abstractions 2.0.0.
  Installing Microsoft.Extensions.Localization.Abstractions 2.0.0.
  Installing Microsoft.Extensions.Logging.EventSource 2.0.0.
  Installing Microsoft.AspNetCore.Identity 2.0.0.
  Installing Microsoft.AspNetCore.Routing 2.0.0.
  Installing Microsoft.Extensions.WebEncoders 2.0.0.
  Installing Microsoft.Extensions.Options.ConfigurationExtensions 2.0.0.
  Installing Microsoft.AspNetCore.Hosting 2.0.0.
  Installing Microsoft.Extensions.Localization 2.0.0.
  Installing Microsoft.AspNetCore.Authentication.OpenIdConnect 2.0.0.
  Installing Microsoft.AspNetCore.Http.Extensions 2.0.0.
  Installing Microsoft.AspNetCore.Localization 2.0.0.
  Installing Microsoft.Extensions.Caching.Abstractions 2.0.0.
  Installing Microsoft.Extensions.Caching.Memory 2.0.0.
  Installing Microsoft.AspNetCore.Mvc.Formatters.Xml 2.0.0.
  Installing Microsoft.AspNetCore.Session 2.0.0.
  Installing Microsoft.Extensions.Configuration 2.0.0.
  Installing Microsoft.AspNetCore.ResponseCaching 2.0.0.
  Installing Microsoft.AspNetCore.Mvc 2.0.0.
  Installing Microsoft.AspNetCore.Mvc.ApiExplorer 2.0.0.
  Installing Microsoft.AspNetCore.Mvc.Localization 2.0.0.
  Installing Microsoft.AspNetCore.ResponseCompression 2.0.0.
  Installing Microsoft.Data.Sqlite.Core 2.0.0.
  Installing Microsoft.Extensions.Configuration.Binder 2.0.0.
  Installing Microsoft.Extensions.Logging.TraceSource 2.0.0.
  Installing Microsoft.AspNetCore.Identity.EntityFrameworkCore 2.0.0.
  Installing Microsoft.Extensions.Logging.Abstractions 2.0.0.
  Installing Microsoft.AspNetCore.Server.HttpSys 2.0.0.
  Installing Microsoft.Extensions.Configuration.Ini 2.0.0.
  Installing Microsoft.Extensions.Options 2.0.0.
  Installing Microsoft.Extensions.FileProviders.Composite 2.0.0.
  Installing Microsoft.AspNetCore.Owin 2.0.0.
  Installing Microsoft.AspNetCore.Razor.Runtime 2.0.0.
  Installing Microsoft.AspNetCore.SpaServices 2.0.0.
  Installing Microsoft.AspNetCore.Http.Features 2.0.0.
  Installing Microsoft.AspNetCore.Rewrite 2.0.0.
  Installing Microsoft.AspNetCore.WebUtilities 2.0.0.
  Installing Microsoft.AspNetCore.Routing.Abstractions 2.0.0.
  Installing Microsoft.AspNetCore.Mvc.Razor.Extensions 2.0.0.
  Installing Microsoft.AspNetCore.Server.Kestrel.Transport.Libuv 2.0.0.
  Installing Microsoft.AspNetCore.NodeServices 2.0.0.
  Installing Microsoft.AspNetCore.WebSockets 2.0.0.
  Installing Microsoft.AspNetCore.Mvc.Abstractions 2.0.0.
  Installing Microsoft.AspNetCore.ApplicationInsights.HostingStartup 2.0.0.
  Installing Microsoft.AspNetCore.Mvc.RazorPages 2.0.0.
  Installing Microsoft.AspNetCore.Mvc.TagHelpers 2.0.0.
  Installing Microsoft.EntityFrameworkCore.InMemory 2.0.0.
  Installing Microsoft.AspNetCore.StaticFiles 2.0.0.
  Installing Microsoft.EntityFrameworkCore.Sqlite.Core 2.0.0.
  Installing Microsoft.AspNetCore.Server.Kestrel.Transport.Abstractions 2.0.0.
  Installing Microsoft.CodeAnalysis.Razor 2.0.0.
  Installing Microsoft.Extensions.Configuration.AzureKeyVault 2.0.0.
  Installing Microsoft.Extensions.Identity.Stores 2.0.0.
  Installing Microsoft.AspNetCore.Mvc.Razor 2.0.0.
  Installing Microsoft.AspNetCore.Diagnostics 2.0.0.
  Installing Microsoft.VisualStudio.Web.BrowserLink 2.0.0.
  Installing Microsoft.Extensions.Logging.AzureAppServices 2.0.0.
  Installing Microsoft.Net.Http.Headers 2.0.0.
  Installing Microsoft.Extensions.DiagnosticAdapter 2.0.0.
  Generating MSBuild file /app/obj/aspnetapp.csproj.nuget.g.props.
  Generating MSBuild file /app/obj/aspnetapp.csproj.nuget.g.targets.
  Restore completed in 12.69 sec for /app/aspnetapp.csproj.
[36mINFO[0m[0125] Taking snapshot of full filesystem...        
[36mINFO[0m[0156] Using files from context: [/workspace/source] 
[36mINFO[0m[0156] Pushing layer 660914637642.dkr.ecr.us-west-2.amazonaws.com/todo/cache:f1f04048124d53ca1b50c7144568b37f68d1073917c01fa1c37c764e5e928337 to cache now 
[36mINFO[0m[0156] COPY . ./                                    
[36mINFO[0m[0156] Taking snapshot of files...                  
[36mINFO[0m[0156] RUN dotnet publish -c Release -o out         
[36mINFO[0m[0156] cmd: /bin/sh                                 
[36mINFO[0m[0156] args: [-c dotnet publish -c Release -o out]  
Microsoft (R) Build Engine version 15.7.179.6572 for .NET Core
Copyright (C) Microsoft Corporation. All rights reserved.

  Restore completed in 125.46 ms for /app/aspnetapp.csproj.
  Restore completed in 13 ms for /app/aspnetapp.csproj.
  aspnetapp -> /app/bin/Release/netcoreapp2.0/aspnetapp.dll
  aspnetapp -> /app/out/
[36mINFO[0m[0181] Taking snapshot of full filesystem...        
[36mINFO[0m[0206] ignoring socket CoreFxPipe_root.F.b8chWRlb9Z9+OWmw6LCxMVL+d, not adding to tar 
[36mINFO[0m[0206] ENTRYPOINT ["dotnet", "out/aspnetapp.dll"]   
[36mINFO[0m[0206] No files changed in this command, skipping snapshotting. 
[36mINFO[0m[0206] Pushing layer 660914637642.dkr.ecr.us-west-2.amazonaws.com/todo/cache:aeace1306492f20247bd48f9871022cc224866bf9513f30bdedae14daba54412 to cache now 
[33mWARN[0m[0206] error uploading layer to cache: failed to push to destination 660914637642.dkr.ecr.us-west-2.amazonaws.com/todo/cache:f1f04048124d53ca1b50c7144568b37f68d1073917c01fa1c37c764e5e928337: NAME_UNKNOWN: The repository with name 'todo/cache' does not exist in the registry with id '660914637642' 
2020/03/31 18:47:02 pushed blob: sha256:6dea363ad26d7a1ea3eadf6166c7b56c40168e9fdfe03f804d5a0abbe0b2c913
2020/03/31 18:47:03 pushed blob: sha256:d679c4ace185a2c6d41f864dfae9ec8e57633d563ab00d287cb16eff146d1194
2020/03/31 18:47:03 pushed blob: sha256:26e49f285904abb3ba93cb691808702562f8d703a55e28aca7ef9f57640d8cd5
2020/03/31 18:47:04 pushed blob: sha256:4867c32ba582ce0af39ac32e2e7b571a8ac3230ae94cbe262055c608b341c391
2020/03/31 18:47:05 pushed blob: sha256:8e452b916f18986bdcc32a74d2c489e49ab9b041f066019d5ec52251e320a5d0
2020/03/31 18:47:07 pushed blob: sha256:9996a3dbf48fd91893eb58c8f1a41b6a61e782f464c1c3d555702b3aefc6aa7a
2020/03/31 18:47:08 pushed blob: sha256:9a8ea045c9261c180a34df19cfc9bb3c3f28f29b279bf964ee801536e8244f2f
2020/03/31 18:47:09 pushed blob: sha256:0588197a4a2edef37308a3738e5034c8b29b6afbfd5df27372b679efaddadd01
2020/03/31 18:47:10 pushed blob: sha256:1607093a898cc241de8712e4361dcd907898fff35b945adca42db3963f3827b3
2020/03/31 18:47:14 pushed blob: sha256:1eebc8a262e7ad7ddb898a1e1ca5239b87e7eb58cdb5b347c1657ea79441bffc
2020/03/31 18:47:16 pushed blob: sha256:d4eee24d4dacb41c21411e0477a741655303cdc48b18a948632c31f0f3a70bb8
2020/03/31 18:47:18 pushed blob: sha256:55cbf04beb7001d222c71bfdeae780bda19d5cb37b8dbd65ff0d3e6a0b9b74e6
2020/03/31 18:47:21 pushed blob: sha256:c0ece037099c52dc882a9bf0d053cc144b4b813547fb17c119344209597d21de
2020/03/31 18:47:22 pushed blob: sha256:f09171496e7a79cdc5aa2ec3739bdb8e4f56faa834345ec342f2638b1ad7903a
2020/03/31 18:47:26 pushed blob: sha256:e626b8d73a892646c35204220977822512ef164668acc40ce997f124e190fe01
2020/03/31 18:47:35 pushed blob: sha256:4d833e0fa2188e68647a4f4e71767f659ad2e94edd96bd48b75c4ba6daf266ce
2020/03/31 18:47:35 660914637642.dkr.ecr.us-west-2.amazonaws.com/******com/**-dotnet:0.0.1: digest: sha256:1e9a630fcd784147bd9763762e357fd8101fd46ff406b2d8295fccca3d6af4cd size: 2723

Showing logs for build [32mvpsgetcom-jx-dotnet-master-9tkkg-1[0m stage [32mfrom-build-pack[0m and container [32mstep-build-post-build[0m
no CVE provider running in the current ** namespace so skip adding image to be analysed

Showing logs for build [32mvpsgetcom-jx-dotnet-master-9tkkg-1[0m stage [32mfrom-build-pack[0m and container [32mstep-promote-changelog[0m
Converted /workspace/source/charts/**-dotnet to an unshallow repository
Generating change log from git ref 4b99f9c152c6489574db8cd873be526c811a8a56 => 317769ed0f1bb9e3511316b606104e46396a5849
Associating user x-0 in users.jenkins.io with email C:\Users\ndi\AppData\Roaming\The Bat! to git GitProvider user with login -0 as emails match
Adding label jenkins.io/git-github-userid=-0 to user x-0 in users.jenkins.io
WARNING: Failed to enrich commit 7ceaa31b4e63f9b139ac23ce41caaec70875f144 with issues: User.jenkins.io "x-0" is invalid: metadata.labels: Invalid value: "-0": a valid label must be an empty string or consist of alphanumeric characters, '-', '_' or '.', and must start and end with an alphanumeric character (e.g. 'MyValue',  or 'my_value',  or '12345', regex used for validation is '(([A-Za-z0-9][-A-Za-z0-9_.]*)?[A-Za-z0-9])?')
Associating user x-0 in users.jenkins.io with email C:\Users\ndi\AppData\Roaming\The Bat! to git GitProvider user with login -0 as emails match
Adding label jenkins.io/git-github-userid=-0 to user x-0 in users.jenkins.io
WARNING: Failed to enrich commit 7ceaa31b4e63f9b139ac23ce41caaec70875f144 with issues: User.jenkins.io "x-0" is invalid: metadata.labels: Invalid value: "-0": a valid label must be an empty string or consist of alphanumeric characters, '-', '_' or '.', and must start and end with an alphanumeric character (e.g. 'MyValue',  or 'my_value',  or '12345', regex used for validation is '(([A-Za-z0-9][-A-Za-z0-9_.]*)?[A-Za-z0-9])?')
Finding issues in commit messages using git format
WARNING: Failed to enrich commit 8c85fed477d6f46d5b4ab0525aa403a4600ea2a1 with issues: users.jenkins.io "x-0" already exists
WARNING: Failed to enrich commit 8c85fed477d6f46d5b4ab0525aa403a4600ea2a1 with issues: users.jenkins.io "x-0" already exists
WARNING: No release found for ******com/**-dotnet and tag v0.0.1 so creating a new release
Updated the release information at https://github.com/******com/**-dotnet/releases/tag/v0.0.1
generated: /workspace/source/charts/**-dotnet/templates/release.yaml
Created Release **-dotnet-0-0-1 resource in namespace **
Updating PipelineActivity ******com-**-dotnet-master-1 with version 0.0.1
Updated PipelineActivities ******com-**-dotnet-master-1 with release notes URL: https://github.com/******com/**-dotnet/releases/tag/v0.0.1

Showing logs for build [32mvpsgetcom-jx-dotnet-master-9tkkg-1[0m stage [32mfrom-build-pack[0m and container [32mstep-promote-helm-release[0m
WARNING: No $CHART_REPOSITORY defined so using the default value of: http://jenkins-x-chartmuseum:8080
Adding missing Helm repo: storage.googleapis.com https://storage.googleapis.com/chartmuseum.jenkins-x.io
Successfully added Helm repository storage.googleapis.com.
Adding missing Helm repo: jenkins-x-chartmuseum http://jenkins-x-chartmuseum:8080
Successfully added Helm repository jenkins-x-chartmuseum.
WARNING: No $CHART_REPOSITORY defined so using the default value of: http://jenkins-x-chartmuseum:8080
Uploading chart file **-dotnet-0.0.1.tgz to http://jenkins-x-chartmuseum:8080/api/charts
Received 401 response: {"error":"unauthorized"}
error: Failed to post chart to http://jenkins-x-chartmuseum:8080/api/charts due to response 401: {"error":"unauthorized"}
[31m
Pipeline failed on stage 'from-build-pack' : container 'step-promote-helm-release'. The execution of the pipeline has stopped.[0m
